<?xml version="1.0" encoding="UTF-8"?>
<!-- Generated by org.testng.reporters.JUnitXMLReporter -->
<testsuite hostname="DESKTOP-O3QSOSB" name="Command line test" tests="5" failures="0" timestamp="24 Jul 2021 13:48:40 GMT" time="0.054" errors="0">
  <testcase name="Testcase1" time="0.003" classname="test.LoginTest">
    <skipped/>
  </testcase> <!-- Testcase1 -->
  <testcase name="CreditCardTest" time="0.001" classname="testNGExamples.Testcase1"/>
  <testcase name="LoanTest" time="0.007" classname="testNGExamples.Testcase1"/>
  <testcase name="LoanTest1" time="0.0" classname="testNGExamples.Testcase1"/>
  <testcase name="InsuranceTest" time="0.0" classname="testNGExamples.Testcase2"/>
</testsuite> <!-- Command line test -->
