<?xml version="1.0" encoding="UTF-8"?>
<testng-results skipped="0" failed="1" total="5" passed="4">
  <reporter-output>
  </reporter-output>
  <suite name="Command line suite" duration-ms="54" started-at="2021-07-24T19:18:40Z" finished-at="2021-07-24T19:18:40Z">
    <groups>
      <group name="Sanity">
        <method signature="Testcase1.LoanTest()[pri:0, instance:testNGExamples.Testcase1@38082d64]" name="LoanTest" class="testNGExamples.Testcase1"/>
        <method signature="Testcase2.InsuranceTest()[pri:0, instance:testNGExamples.Testcase2@42d3bd8b]" name="InsuranceTest" class="testNGExamples.Testcase2"/>
      </group> <!-- Sanity -->
    </groups>
    <test name="Command line test" duration-ms="54" started-at="2021-07-24T19:18:40Z" finished-at="2021-07-24T19:18:40Z">
      <class name="test.LoginTest">
        <test-method status="FAIL" signature="Testcase1(java.lang.String, java.lang.String)[pri:0, instance:test.LoginTest@dfd3711]" name="Testcase1" duration-ms="0" started-at="2021-07-24T19:18:40Z" finished-at="2021-07-24T19:18:40Z">
          <exception class="org.testng.TestNGException">
            <message>
              <![CDATA[
Parameter 'username' is required by @Test on method Testcase1 but has not been marked @Optional or defined
]]>
            </message>
            <full-stacktrace>
              <![CDATA[org.testng.TestNGException: 
Parameter 'username' is required by @Test on method Testcase1 but has not been marked @Optional or defined

	at org.testng.internal.Parameters.createParameters(Parameters.java:155)
	at org.testng.internal.Parameters.createParameters(Parameters.java:355)
	at org.testng.internal.Parameters.handleParameters(Parameters.java:447)
	at org.testng.internal.Invoker.handleParameters(Invoker.java:1370)
	at org.testng.internal.Invoker.createParameters(Invoker.java:1067)
	at org.testng.internal.Invoker.invokeTestMethods(Invoker.java:1170)
	at org.testng.internal.TestMethodWorker.invokeTestMethods(TestMethodWorker.java:127)
	at org.testng.internal.TestMethodWorker.run(TestMethodWorker.java:111)
	at org.testng.TestRunner.privateRun(TestRunner.java:758)
	at org.testng.TestRunner.run(TestRunner.java:613)
	at org.testng.SuiteRunner.runTest(SuiteRunner.java:334)
	at org.testng.SuiteRunner.runSequentially(SuiteRunner.java:329)
	at org.testng.SuiteRunner.privateRun(SuiteRunner.java:291)
	at org.testng.SuiteRunner.run(SuiteRunner.java:240)
	at org.testng.SuiteRunnerWorker.runSuite(SuiteRunnerWorker.java:53)
	at org.testng.SuiteRunnerWorker.run(SuiteRunnerWorker.java:87)
	at org.testng.TestNG.runSuitesSequentially(TestNG.java:1170)
	at org.testng.TestNG.runSuitesLocally(TestNG.java:1095)
	at org.testng.TestNG.run(TestNG.java:1007)
	at org.apache.maven.surefire.testng.TestNGExecutor.run(TestNGExecutor.java:77)
	at org.apache.maven.surefire.testng.TestNGDirectoryTestSuite.executeMulti(TestNGDirectoryTestSuite.java:159)
	at org.apache.maven.surefire.testng.TestNGDirectoryTestSuite.execute(TestNGDirectoryTestSuite.java:99)
	at org.apache.maven.surefire.testng.TestNGProvider.invoke(TestNGProvider.java:106)
	at sun.reflect.NativeMethodAccessorImpl.invoke0(Native Method)
	at sun.reflect.NativeMethodAccessorImpl.invoke(NativeMethodAccessorImpl.java:62)
	at sun.reflect.DelegatingMethodAccessorImpl.invoke(DelegatingMethodAccessorImpl.java:43)
	at java.lang.reflect.Method.invoke(Method.java:498)
	at org.apache.maven.surefire.util.ReflectionUtils.invokeMethodWithArray(ReflectionUtils.java:189)
	at org.apache.maven.surefire.booter.ProviderFactory$ProviderProxy.invoke(ProviderFactory.java:165)
	at org.apache.maven.surefire.booter.ProviderFactory.invokeProvider(ProviderFactory.java:85)
	at org.apache.maven.surefire.booter.ForkedBooter.runSuitesInProcess(ForkedBooter.java:115)
	at org.apache.maven.surefire.booter.ForkedBooter.main(ForkedBooter.java:75)
]]>
            </full-stacktrace>
          </exception> <!-- org.testng.TestNGException -->
        </test-method> <!-- Testcase1 -->
      </class> <!-- test.LoginTest -->
      <class name="testNGExamples.Testcase2">
        <test-method status="PASS" signature="beforeMethod()[pri:0, instance:testNGExamples.Testcase2@42d3bd8b]" name="beforeMethod" is-config="true" duration-ms="1" started-at="2021-07-24T19:18:40Z" finished-at="2021-07-24T19:18:40Z">
        </test-method> <!-- beforeMethod -->
        <test-method status="PASS" signature="InsuranceTest()[pri:0, instance:testNGExamples.Testcase2@42d3bd8b]" name="InsuranceTest" duration-ms="0" started-at="2021-07-24T19:18:40Z" finished-at="2021-07-24T19:18:40Z">
        </test-method> <!-- InsuranceTest -->
        <test-method status="PASS" signature="afterMethod()[pri:0, instance:testNGExamples.Testcase2@42d3bd8b]" name="afterMethod" is-config="true" duration-ms="0" started-at="2021-07-24T19:18:40Z" finished-at="2021-07-24T19:18:40Z">
        </test-method> <!-- afterMethod -->
      </class> <!-- testNGExamples.Testcase2 -->
      <class name="testNGExamples.Testcase1">
        <test-method status="PASS" signature="beforeTest()[pri:0, instance:testNGExamples.Testcase1@38082d64]" name="beforeTest" is-config="true" duration-ms="15" started-at="2021-07-24T19:18:40Z" finished-at="2021-07-24T19:18:40Z">
        </test-method> <!-- beforeTest -->
        <test-method status="PASS" signature="beforeMethod()[pri:0, instance:testNGExamples.Testcase1@38082d64]" name="beforeMethod" is-config="true" duration-ms="1" started-at="2021-07-24T19:18:40Z" finished-at="2021-07-24T19:18:40Z">
        </test-method> <!-- beforeMethod -->
        <test-method status="PASS" signature="CreditCardTest()[pri:0, instance:testNGExamples.Testcase1@38082d64]" name="CreditCardTest" duration-ms="1" started-at="2021-07-24T19:18:40Z" finished-at="2021-07-24T19:18:40Z">
        </test-method> <!-- CreditCardTest -->
        <test-method status="PASS" signature="afterMethod()[pri:0, instance:testNGExamples.Testcase1@38082d64]" name="afterMethod" is-config="true" duration-ms="0" started-at="2021-07-24T19:18:40Z" finished-at="2021-07-24T19:18:40Z">
        </test-method> <!-- afterMethod -->
        <test-method status="PASS" signature="beforeGroup()[pri:0, instance:testNGExamples.Testcase1@38082d64]" name="beforeGroup" is-config="true" duration-ms="1" started-at="2021-07-24T19:18:40Z" finished-at="2021-07-24T19:18:40Z">
        </test-method> <!-- beforeGroup -->
        <test-method status="PASS" signature="LoanTest()[pri:0, instance:testNGExamples.Testcase1@38082d64]" name="LoanTest" duration-ms="7" started-at="2021-07-24T19:18:40Z" finished-at="2021-07-24T19:18:40Z">
        </test-method> <!-- LoanTest -->
        <test-method status="PASS" signature="beforeMethod()[pri:0, instance:testNGExamples.Testcase1@38082d64]" name="beforeMethod" is-config="true" duration-ms="0" started-at="2021-07-24T19:18:40Z" finished-at="2021-07-24T19:18:40Z">
        </test-method> <!-- beforeMethod -->
        <test-method status="PASS" signature="afterMethod()[pri:0, instance:testNGExamples.Testcase1@38082d64]" name="afterMethod" is-config="true" duration-ms="2" started-at="2021-07-24T19:18:40Z" finished-at="2021-07-24T19:18:40Z">
        </test-method> <!-- afterMethod -->
        <test-method status="PASS" signature="beforeMethod()[pri:0, instance:testNGExamples.Testcase1@38082d64]" name="beforeMethod" is-config="true" duration-ms="1" started-at="2021-07-24T19:18:40Z" finished-at="2021-07-24T19:18:40Z">
        </test-method> <!-- beforeMethod -->
        <test-method status="PASS" signature="afterMethod()[pri:0, instance:testNGExamples.Testcase1@38082d64]" name="afterMethod" is-config="true" duration-ms="1" started-at="2021-07-24T19:18:40Z" finished-at="2021-07-24T19:18:40Z">
        </test-method> <!-- afterMethod -->
        <test-method status="PASS" signature="LoanTest1()[pri:0, instance:testNGExamples.Testcase1@38082d64]" name="LoanTest1" duration-ms="0" started-at="2021-07-24T19:18:40Z" finished-at="2021-07-24T19:18:40Z">
        </test-method> <!-- LoanTest1 -->
        <test-method status="PASS" signature="afterTest()[pri:0, instance:testNGExamples.Testcase1@38082d64]" name="afterTest" is-config="true" duration-ms="0" started-at="2021-07-24T19:18:40Z" finished-at="2021-07-24T19:18:40Z">
        </test-method> <!-- afterTest -->
      </class> <!-- testNGExamples.Testcase1 -->
    </test> <!-- Command line test -->
  </suite> <!-- Command line suite -->
</testng-results>
