<?xml version="1.0" encoding="UTF-8"?>
<testng-results skipped="0" failed="0" ignored="0" total="1" passed="1">
  <reporter-output>
  </reporter-output>
  <suite name="Suite" duration-ms="20769" started-at="2021-07-18T09:11:25Z" finished-at="2021-07-18T09:11:46Z">
    <groups>
    </groups>
    <test name="Test" duration-ms="20769" started-at="2021-07-18T09:11:25Z" finished-at="2021-07-18T09:11:46Z">
      <class name="test.LoginTest">
        <test-method status="PASS" signature="Setup()[pri:0, instance:test.LoginTest@204f30ec]" name="Setup" is-config="true" duration-ms="6717" started-at="2021-07-18T09:11:25Z" finished-at="2021-07-18T09:11:32Z">
          <reporter-output>
          </reporter-output>
        </test-method> <!-- Setup -->
        <test-method status="PASS" signature="Testcase1(java.lang.String, java.lang.String)[pri:0, instance:test.LoginTest@204f30ec]" name="Testcase1" duration-ms="13027" started-at="2021-07-18T09:11:32Z" finished-at="2021-07-18T09:11:45Z">
          <params>
            <param index="0">
              <value>
                <![CDATA[abc@gmail.com]]>
              </value>
            </param>
            <param index="1">
              <value>
                <![CDATA[Afsddfsf123$]]>
              </value>
            </param>
          </params>
          <reporter-output>
          </reporter-output>
        </test-method> <!-- Testcase1 -->
        <test-method status="PASS" signature="Cleanup()[pri:0, instance:test.LoginTest@204f30ec]" name="Cleanup" is-config="true" duration-ms="974" started-at="2021-07-18T09:11:45Z" finished-at="2021-07-18T09:11:46Z">
          <reporter-output>
          </reporter-output>
        </test-method> <!-- Cleanup -->
      </class> <!-- test.LoginTest -->
    </test> <!-- Test -->
  </suite> <!-- Suite -->
</testng-results>
